TN:
SF:api/server.js
FN:25,(anonymous_0)
FN:29,(anonymous_1)
FNF:2
FNH:2
FNDA:2,(anonymous_0)
FNDA:2,(anonymous_1)
DA:1,5
DA:2,5
DA:3,5
DA:4,5
DA:5,5
DA:6,5
DA:7,5
DA:8,5
DA:11,5
DA:13,5
DA:14,5
DA:15,5
DA:17,5
DA:18,5
DA:19,5
DA:20,5
DA:21,5
DA:25,5
DA:26,2
DA:29,5
DA:30,2
DA:34,5
LF:22
LH:22
BRF:0
BRH:0
end_of_record
TN:
SF:database/dbConfig.js
FNF:0
FNH:0
DA:1,5
DA:2,5
DA:4,5
DA:6,5
LF:4
LH:4
BRDA:4,0,0,5
BRDA:4,0,1,0
BRF:2
BRH:1
end_of_record
TN:
SF:users/users-model.js
FN:17,find
FN:21,add
FN:28,findUserId
FN:32,findBy
FN:37,getUsersAilments
FN:46,getAllUsersAilments
FN:55,addAilment
FN:58,(anonymous_7)
FN:64,deleteUsersAilment
FN:70,deleteUser
FN:76,updateUsersAilment
FN:81,updateUser
FNF:12
FNH:11
FNDA:1,find
FNDA:18,add
FNDA:2,findUserId
FNDA:17,findBy
FNDA:1,getUsersAilments
FNDA:1,getAllUsersAilments
FNDA:1,addAilment
FNDA:1,(anonymous_7)
FNDA:1,deleteUsersAilment
FNDA:1,deleteUser
FNDA:1,updateUsersAilment
FNDA:0,updateUser
DA:1,5
DA:3,5
DA:18,1
DA:22,18
DA:29,2
DA:34,17
DA:38,1
DA:47,1
DA:56,1
DA:60,1
DA:65,1
DA:71,1
DA:77,1
DA:82,0
LF:14
LH:13
BRF:0
BRH:0
end_of_record
TN:
SF:users/users-router.js
FN:8,(anonymous_0)
FN:10,(anonymous_1)
FN:13,(anonymous_2)
FN:18,(anonymous_3)
FN:20,(anonymous_4)
FN:26,(anonymous_5)
FN:31,(anonymous_6)
FN:35,(anonymous_7)
FN:41,(anonymous_8)
FN:46,(anonymous_9)
FN:49,(anonymous_10)
FN:55,(anonymous_11)
FN:60,(anonymous_12)
FN:67,(anonymous_13)
FN:69,(anonymous_14)
FN:75,(anonymous_15)
FN:81,(anonymous_16)
FN:85,(anonymous_17)
FN:91,(anonymous_18)
FN:96,(anonymous_19)
FN:98,(anonymous_20)
FN:109,(anonymous_21)
FN:113,(anonymous_22)
FN:116,(anonymous_23)
FN:122,(anonymous_24)
FN:127,(anonymous_25)
FN:129,(anonymous_26)
FNF:27
FNH:15
FNDA:1,(anonymous_0)
FNDA:1,(anonymous_1)
FNDA:0,(anonymous_2)
FNDA:1,(anonymous_3)
FNDA:1,(anonymous_4)
FNDA:0,(anonymous_5)
FNDA:0,(anonymous_6)
FNDA:0,(anonymous_7)
FNDA:0,(anonymous_8)
FNDA:1,(anonymous_9)
FNDA:1,(anonymous_10)
FNDA:0,(anonymous_11)
FNDA:1,(anonymous_12)
FNDA:1,(anonymous_13)
FNDA:0,(anonymous_14)
FNDA:1,(anonymous_15)
FNDA:1,(anonymous_16)
FNDA:1,(anonymous_17)
FNDA:0,(anonymous_18)
FNDA:1,(anonymous_19)
FNDA:1,(anonymous_20)
FNDA:0,(anonymous_21)
FNDA:0,(anonymous_22)
FNDA:0,(anonymous_23)
FNDA:0,(anonymous_24)
FNDA:1,(anonymous_25)
FNDA:1,(anonymous_26)
DA:1,5
DA:3,5
DA:4,5
DA:6,5
DA:8,5
DA:9,1
DA:11,1
DA:14,0
DA:18,5
DA:19,1
DA:21,1
DA:22,1
DA:24,0
DA:27,0
DA:31,5
DA:32,0
DA:34,0
DA:36,0
DA:37,0
DA:39,0
DA:42,0
DA:46,5
DA:47,1
DA:48,1
DA:50,1
DA:51,1
DA:53,0
DA:56,0
DA:60,5
DA:62,1
DA:66,1
DA:68,1
DA:71,0
DA:75,5
DA:76,1
DA:77,1
DA:79,1
DA:82,1
DA:83,1
DA:84,1
DA:86,1
DA:89,0
DA:92,0
DA:96,5
DA:97,1
DA:99,1
DA:100,1
DA:102,0
DA:109,5
DA:110,0
DA:111,0
DA:112,0
DA:114,0
DA:115,0
DA:117,0
DA:120,0
DA:123,0
DA:127,5
DA:128,1
DA:130,1
DA:131,1
DA:133,0
DA:140,5
LF:63
LH:39
BRDA:21,0,0,1
BRDA:21,0,1,0
BRDA:36,1,0,0
BRDA:36,1,1,0
BRDA:50,2,0,1
BRDA:50,2,1,0
BRDA:83,3,0,1
BRDA:83,3,1,0
BRDA:99,4,0,1
BRDA:99,4,1,0
BRDA:114,5,0,0
BRDA:114,5,1,0
BRDA:130,6,0,1
BRDA:130,6,1,0
BRF:14
BRH:5
end_of_record
